[2026-03-10 08:23:05] 开始生成新页面...
[2026-03-10 08:23:05] 选择主题: 下雪效果 (ID: snow)
[2026-03-10 08:23:05] 页面已生成: auto-gen-20260310_082305.html
[2026-03-10 08:23:07] 页面已提交并推送到 GitHub
[2026-03-10 09:00:01] 开始生成新页面...
[2026-03-10 09:00:01] 选择主题: 3D旋转 (ID: 3d-rotate)
[2026-03-10 09:00:01] 页面已生成: auto-gen-20260310_090001.html
[2026-03-10 09:00:03] 页面已提交并推送到 GitHub
[2026-03-10 10:00:01] 开始生成新页面...
[2026-03-10 10:00:02] 选择主题: 曼德博集合 (ID: mandelbrot)
[2026-03-10 10:00:02] 页面已生成: auto-gen-20260310_100002.html
[2026-03-10 10:00:04] 页面已提交并推送到 GitHub
[2026-03-10 11:00:01] 开始生成新页面...
[2026-03-10 11:00:01] 选择主题: 粒子动画 (ID: particles)
[2026-03-10 11:00:01] 页面已生成: auto-gen-20260310_110001.html
[2026-03-10 11:00:03] 页面已提交并推送到 GitHub
[2026-03-10 12:00:01] 开始生成新页面...
[2026-03-10 12:00:01] 选择主题: 数据可视化 (ID: data)
[2026-03-10 12:00:01] 页面已生成: auto-gen-20260310_120001.html
[2026-03-10 12:00:03] 页面已提交并推送到 GitHub
[2026-03-10 13:00:02] 开始生成新页面...
[2026-03-10 13:00:02] 选择主题: 水波纹 (ID: ripple)
[2026-03-10 13:00:02] 页面已生成: auto-gen-20260310_130002.html
[2026-03-10 13:00:03] 页面已提交并推送到 GitHub
[2026-03-10 14:00:01] 开始生成新页面...
[2026-03-10 14:00:01] 选择主题: 心电图 (ID: heartbeat)
[2026-03-10 14:00:01] 页面已生成: auto-gen-20260310_140001.html
[2026-03-10 15:00:01] 开始生成新页面...
[2026-03-10 15:00:01] 选择主题: 星空效果 (ID: starry)
[2026-03-10 15:00:01] 页面已生成: auto-gen-20260310_150001.html
[2026-03-10 16:00:01] 开始生成新页面...
[2026-03-10 16:00:01] 选择主题: 光影效果 (ID: light)
[2026-03-10 16:00:01] 页面已生成: auto-gen-20260310_160001.html
[2026-03-10 17:00:01] 开始生成新页面...
[2026-03-10 17:00:01] 选择主题: DNA螺旋 (ID: dna)
[2026-03-10 17:00:01] 页面已生成: auto-gen-20260310_170001.html
[2026-03-10 18:00:01] 开始生成新页面...
[2026-03-10 18:00:01] 选择主题: 彩虹渐变 (ID: rainbow)
[2026-03-10 18:00:01] 页面已生成: auto-gen-20260310_180001.html
[2026-03-10 19:00:01] 开始生成新页面...
[2026-03-10 19:00:01] 选择主题: 打砖块 (ID: breakout)
[2026-03-10 19:00:01] 页面已生成: auto-gen-20260310_190001.html
[2026-03-10 19:54:56] 开始生成新页面...
[2026-03-10 19:54:56] 选择主题: 时钟设计
[2026-03-10 19:54:56] 设计文档已生成: design-20260310_195456.md
[2026-03-10 19:54:56] 页面已生成: auto-gen-20260310_195456.html
[2026-03-10 19:54:58] 页面已提交并推送到 GitHub
[2026-03-10 20:00:01] 开始生成新页面...
[2026-03-10 20:00:01] 选择主题: 几何图形
[2026-03-10 20:00:01] 设计文档已生成: design-20260310_200001.md
[2026-03-10 20:00:01] 页面已生成: auto-gen-20260310_200001.html
[2026-03-10 20:02:29] 开始生成新页面...
[2026-03-10 20:02:29] 选择主题: 粒子动画
[2026-03-10 20:02:29] 设计文档已生成: design-20260310_200229.md
[2026-03-10 20:02:29] 页面已生成: auto-gen-20260310_200229.html
[2026-03-10 20:02:29] 尝试推送到 GitHub...
[2026-03-10 20:02:53] 开始生成新页面...
[2026-03-10 20:02:53] 选择主题: 俄罗斯方块
[2026-03-10 20:02:53] 设计文档已生成: design-20260310_200253.md
[2026-03-10 20:02:53] 页面已生成: auto-gen-20260310_200253.html
[2026-03-10 20:02:53] 尝试推送到 GitHub...
[2026-03-10 20:02:59] 页面已成功推送到 GitHub
[2026-03-10 20:03:23] 页面已成功推送到 GitHub
[2026-03-10 20:04:20] 开始生成新页面...
[2026-03-10 20:04:20] 选择主题: 烟花效果
[2026-03-10 20:04:20] 设计文档已生成: 烟花效果-20260310.md
[2026-03-10 20:04:20] 页面已生成: 烟花效果-20260310.html
[2026-03-10 20:04:20] 尝试推送到 GitHub...
[2026-03-10 20:04:50] 页面已成功推送到 GitHub
[2026-03-10 21:00:01] 开始生成新页面...
[2026-03-10 21:00:02] 选择主题: 星空效果
[2026-03-10 21:00:02] 设计文档已生成: 星空效果-20260310.md
[2026-03-10 21:00:02] 页面已生成: 星空效果-20260310.html
[2026-03-10 21:00:02] 尝试推送到 GitHub...
To https://github.com/robertsong2000/html_sample.git
   a69d2a8..a0c4156  main -> main
[2026-03-10 21:00:04] 页面已成功推送到 GitHub
[2026-03-10 22:00:01] 开始生成新页面...
[2026-03-10 22:00:01] 选择主题: 矩阵雨
[2026-03-10 22:00:01] 设计文档已生成: 矩阵雨-20260310.md
[2026-03-10 22:00:01] 页面已生成: 矩阵雨-20260310.html
[2026-03-10 22:00:01] 尝试推送到 GitHub...
[2026-03-10 22:00:31] 页面已成功推送到 GitHub
[2026-03-10 23:00:01] 开始生成新页面...
[2026-03-10 23:00:01] 选择主题: 波浪动画
[2026-03-10 23:00:01] 设计文档已生成: 波浪动画-20260310.md
[2026-03-10 23:00:01] 页面已生成: 波浪动画-20260310.html
[2026-03-10 23:00:01] 尝试推送到 GitHub...
[2026-03-10 23:00:31] 页面已成功推送到 GitHub
[2026-03-11 00:00:01] 开始生成新页面...
[2026-03-11 00:00:01] 选择主题: 时钟设计
[2026-03-11 00:00:01] 设计文档已生成: 时钟设计-20260311.md
[2026-03-11 00:00:01] 页面已生成: 时钟设计-20260311.html
[2026-03-11 00:00:01] 尝试推送到 GitHub...
To https://github.com/robertsong2000/html_sample.git
   a0c4156..b971ade  main -> main
[2026-03-11 00:00:04] 页面已成功推送到 GitHub
[2026-03-11 01:00:01] 开始生成新页面...
[2026-03-11 01:00:01] 选择主题: 粒子动画
[2026-03-11 01:00:01] 设计文档已生成: 粒子动画-20260311.md
[2026-03-11 01:00:01] 页面已生成: 粒子动画-20260311.html
[2026-03-11 01:00:01] 尝试推送到 GitHub...
[2026-03-11 01:00:31] 页面已成功推送到 GitHub
[2026-03-11 02:00:01] 开始生成新页面...
[2026-03-11 02:00:01] 选择主题: 几何图形
[2026-03-11 02:00:01] 设计文档已生成: 几何图形-20260311.md
[2026-03-11 02:00:01] 页面已生成: 几何图形-20260311.html
[2026-03-11 02:00:01] 尝试推送到 GitHub...
To https://github.com/robertsong2000/html_sample.git
   b971ade..cc47bcb  main -> main
[2026-03-11 02:00:03] 页面已成功推送到 GitHub
[2026-03-11 03:00:01] 开始生成新页面...
[2026-03-11 03:00:01] 选择主题: 烟花效果
[2026-03-11 03:00:01] 设计文档已生成: 烟花效果-20260311.md
[2026-03-11 03:00:01] 页面已生成: 烟花效果-20260311.html
[2026-03-11 03:00:01] 尝试推送到 GitHub...
To https://github.com/robertsong2000/html_sample.git
   cc47bcb..28352fa  main -> main
[2026-03-11 03:00:03] 页面已成功推送到 GitHub
[2026-03-11 04:00:01] 开始生成新页面...
[2026-03-11 04:00:01] 选择主题: 俄罗斯方块
[2026-03-11 04:00:01] 设计文档已生成: 俄罗斯方块-20260311.md
[2026-03-11 04:00:02] 页面已生成: 俄罗斯方块-20260311.html
[2026-03-11 04:00:02] 尝试推送到 GitHub...
[2026-03-11 04:00:32] 页面已成功推送到 GitHub
[2026-03-11 05:00:01] 开始生成新页面...
[2026-03-11 05:00:01] 选择主题: 矩阵雨
[2026-03-11 05:00:01] 设计文档已生成: 矩阵雨-20260311.md
[2026-03-11 05:00:01] 页面已生成: 矩阵雨-20260311.html
[2026-03-11 05:00:01] 尝试推送到 GitHub...
To https://github.com/robertsong2000/html_sample.git
   28352fa..3f6d907  main -> main
[2026-03-11 05:00:03] 页面已成功推送到 GitHub
[2026-03-11 06:00:01] 开始生成新页面...
[2026-03-11 06:00:01] 选择主题: 星空效果
[2026-03-11 06:00:01] 设计文档已生成: 星空效果-20260311.md
[2026-03-11 06:00:01] 页面已生成: 星空效果-20260311.html
[2026-03-11 06:00:01] 尝试推送到 GitHub...
[2026-03-11 06:00:31] 页面已成功推送到 GitHub
[2026-03-11 07:00:01] 开始生成新页面...
[2026-03-11 07:00:01] 选择主题: 时钟设计
[2026-03-11 07:00:01] 设计文档已生成: 时钟设计-20260311.md
[2026-03-11 07:00:01] 页面已生成: 时钟设计-20260311.html
[2026-03-11 07:00:01] 尝试推送到 GitHub...
[2026-03-11 07:00:31] 页面已成功推送到 GitHub
[2026-03-11 08:00:01] 开始生成新页面...
[2026-03-11 08:00:01] 选择主题: 粒子动画
[2026-03-11 08:00:01] 设计文档已生成: 粒子动画-20260311.md
[2026-03-11 08:00:01] 页面已生成: 粒子动画-20260311.html
[2026-03-11 08:00:01] 尝试推送到 GitHub...
[2026-03-11 08:00:31] 页面已成功推送到 GitHub
[2026-03-11 09:00:01] 开始生成新页面...
[2026-03-11 09:00:01] 选择主题: 几何图形
[2026-03-11 09:00:01] 设计文档已生成: 几何图形-20260311.md
[2026-03-11 09:00:01] 页面已生成: 几何图形-20260311.html
[2026-03-11 09:00:01] 尝试推送到 GitHub...
[2026-03-11 09:00:31] 页面已成功推送到 GitHub
[2026-03-11 10:00:01] 开始生成新页面...
[2026-03-11 10:00:01] 选择主题: 波浪动画
[2026-03-11 10:00:01] 设计文档已生成: 波浪动画-20260311.md
[2026-03-11 10:00:01] 页面已生成: 波浪动画-20260311.html
[2026-03-11 10:00:01] 尝试推送到 GitHub...
[2026-03-11 10:00:31] 页面已成功推送到 GitHub
[2026-03-11 11:00:01] 开始生成新页面...
[2026-03-11 11:00:01] 选择主题: 俄罗斯方块
[2026-03-11 11:00:01] 设计文档已生成: 俄罗斯方块-20260311.md
[2026-03-11 11:00:01] 页面已生成: 俄罗斯方块-20260311.html
[2026-03-11 11:00:01] 尝试推送到 GitHub...
[2026-03-11 11:00:31] 页面已成功推送到 GitHub
[2026-03-11 12:00:01] 开始生成新页面...
[2026-03-11 12:00:01] 选择主题: 矩阵雨
[2026-03-11 12:00:01] 设计文档已生成: 矩阵雨-20260311.md
[2026-03-11 12:00:01] 页面已生成: 矩阵雨-20260311.html
[2026-03-11 12:00:01] 尝试推送到 GitHub...
To https://github.com/robertsong2000/html_sample.git
   3f6d907..a8a5b71  main -> main
[2026-03-11 12:00:04] 页面已成功推送到 GitHub
[2026-03-11 13:00:01] 开始生成新页面...
[2026-03-11 13:00:01] 选择主题: 烟花效果
[2026-03-11 13:00:01] 设计文档已生成: 烟花效果-20260311.md
[2026-03-11 13:00:01] 页面已生成: 烟花效果-20260311.html
[2026-03-11 13:00:01] 尝试推送到 GitHub...
To https://github.com/robertsong2000/html_sample.git
   a8a5b71..b4ccad7  main -> main
[2026-03-11 13:00:03] 页面已成功推送到 GitHub
[2026-03-11 14:00:01] 开始生成新页面...
[2026-03-11 14:00:01] 选择主题: 时钟设计
[2026-03-11 14:00:01] 设计文档已生成: 时钟设计-20260311.md
[2026-03-11 14:00:01] 页面已生成: 时钟设计-20260311.html
[2026-03-11 14:00:01] 尝试推送到 GitHub...
To https://github.com/robertsong2000/html_sample.git
   b4ccad7..d4ec84f  main -> main
[2026-03-11 14:00:04] 页面已成功推送到 GitHub
[2026-03-11 15:00:01] 开始生成新页面...
[2026-03-11 15:00:01] 选择主题: 粒子动画
[2026-03-11 15:00:01] 设计文档已生成: 粒子动画-20260311.md
[2026-03-11 15:00:01] 页面已生成: 粒子动画-20260311.html
[2026-03-11 15:00:01] 尝试推送到 GitHub...
To https://github.com/robertsong2000/html_sample.git
   d4ec84f..14e172f  main -> main
[2026-03-11 15:00:03] 页面已成功推送到 GitHub
[2026-03-11 16:00:01] 开始生成新页面...
[2026-03-11 16:00:01] 选择主题: 星空效果
[2026-03-11 16:00:01] 设计文档已生成: 星空效果-20260311.md
[2026-03-11 16:00:01] 页面已生成: 星空效果-20260311.html
[2026-03-11 16:00:01] 尝试推送到 GitHub...
To https://github.com/robertsong2000/html_sample.git
   14e172f..1cad9c8  main -> main
[2026-03-11 16:00:03] 页面已成功推送到 GitHub
[2026-03-11 16:31:12] ========================================
[2026-03-11 16:31:12] 开始生成新页面（AI驱动版 - 任务队列）
[2026-03-11 16:31:12] ========================================
[2026-03-11 16:31:12] 选择主题: 火焰效果
[2026-03-11 16:31:12] 目标文件: ai-火焰效果-20260311_163112.html
[2026-03-11 16:31:12] Prompt已生成: 火焰效果-20260311_163112.md
[2026-03-11 16:31:12] 待处理任务已创建: task-1773217872.json
[2026-03-11 16:31:12] 任务创建完成，等待 Heartbeat 处理
[2026-03-11 17:00:01] ========================================
[2026-03-11 17:00:01] 开始生成新页面（AI驱动版 - 任务队列）
[2026-03-11 17:00:01] ========================================
[2026-03-11 17:00:01] 选择主题: 雨滴效果
[2026-03-11 17:00:01] 目标文件: ai-雨滴效果-20260311_170001.html
[2026-03-11 17:00:01] Prompt已生成: 雨滴效果-20260311_170001.md
[2026-03-11 17:00:01] 待处理任务已创建: task-1773219601.json
[2026-03-11 17:00:01] 任务创建完成，等待 Heartbeat 处理
[2026-03-11 17:24:10] ========================================
[2026-03-11 17:24:10] 开始生成新页面（AI直连版）
[2026-03-11 17:24:10] ========================================
[2026-03-11 17:24:11] 选择主题: DNA螺旋
[2026-03-11 17:24:11] 目标文件: ai-DNA螺旋-20260311_172411.html
[2026-03-11 17:24:11] 调用 AI 生成页面...
